{"D:\\01 JS_Projects\\Node JS\\jest\\db.js": {"path":"D:\\01 JS_Projects\\Node JS\\jest\\db.js","statementMap":{"0":{"start":{"line":1,"column":0},"end":{"line":6,"column":2}},"1":{"start":{"line":2,"column":4},"end":{"line":2,"column":48}},"2":{"start":{"line":5,"column":4},"end":{"line":5,"column":34}}},"fnMap":{"0":{"name":"(anonymous_0)","decl":{"start":{"line":1,"column":29},"end":{"line":1,"column":30}},"loc":{"start":{"line":1,"column":43},"end":{"line":6,"column":1}},"line":1}},"branchMap":{},"s":{"0":1,"1":0,"2":0},"f":{"0":0},"b":{},"_coverageSchema":"1a1c01bbd47fc00a2c39e90264f33305004495a9","hash":"0fe56a05ba29a7918933d0f0193d9056b9aa2368"}
,"D:\\01 JS_Projects\\Node JS\\jest\\fizzbuzz.js": {"path":"D:\\01 JS_Projects\\Node JS\\jest\\fizzbuzz.js","statementMap":{"0":{"start":{"line":1,"column":0},"end":{"line":11,"column":2}},"1":{"start":{"line":2,"column":4},"end":{"line":2,"column":77}},"2":{"start":{"line":2,"column":35},"end":{"line":2,"column":77}},"3":{"start":{"line":4,"column":4},"end":{"line":4,"column":62}},"4":{"start":{"line":4,"column":44},"end":{"line":4,"column":62}},"5":{"start":{"line":6,"column":4},"end":{"line":6,"column":39}},"6":{"start":{"line":6,"column":25},"end":{"line":6,"column":39}},"7":{"start":{"line":8,"column":4},"end":{"line":8,"column":39}},"8":{"start":{"line":8,"column":25},"end":{"line":8,"column":39}},"9":{"start":{"line":10,"column":4},"end":{"line":10,"column":17}}},"fnMap":{"0":{"name":"(anonymous_0)","decl":{"start":{"line":1,"column":26},"end":{"line":1,"column":27}},"loc":{"start":{"line":1,"column":43},"end":{"line":11,"column":1}},"line":1}},"branchMap":{"0":{"loc":{"start":{"line":2,"column":4},"end":{"line":2,"column":77}},"type":"if","locations":[{"start":{"line":2,"column":4},"end":{"line":2,"column":77}},{"start":{},"end":{}}],"line":2},"1":{"loc":{"start":{"line":4,"column":4},"end":{"line":4,"column":62}},"type":"if","locations":[{"start":{"line":4,"column":4},"end":{"line":4,"column":62}},{"start":{},"end":{}}],"line":4},"2":{"loc":{"start":{"line":4,"column":8},"end":{"line":4,"column":42}},"type":"binary-expr","locations":[{"start":{"line":4,"column":8},"end":{"line":4,"column":23}},{"start":{"line":4,"column":27},"end":{"line":4,"column":42}}],"line":4},"3":{"loc":{"start":{"line":6,"column":4},"end":{"line":6,"column":39}},"type":"if","locations":[{"start":{"line":6,"column":4},"end":{"line":6,"column":39}},{"start":{},"end":{}}],"line":6},"4":{"loc":{"start":{"line":8,"column":4},"end":{"line":8,"column":39}},"type":"if","locations":[{"start":{"line":8,"column":4},"end":{"line":8,"column":39}},{"start":{},"end":{}}],"line":8}},"s":{"0":1,"1":8,"2":4,"3":4,"4":1,"5":3,"6":1,"7":2,"8":1,"9":1},"f":{"0":8},"b":{"0":[4,4],"1":[1,3],"2":[4,2],"3":[1,2],"4":[1,1]},"_coverageSchema":"1a1c01bbd47fc00a2c39e90264f33305004495a9","hash":"affe55592881c7cff2b4d91be74417aba0b04422"}
,"D:\\01 JS_Projects\\Node JS\\jest\\mylib.js": {"path":"D:\\01 JS_Projects\\Node JS\\jest\\mylib.js","statementMap":{"0":{"start":{"line":1,"column":0},"end":{"line":3,"column":2}},"1":{"start":{"line":2,"column":4},"end":{"line":2,"column":27}},"2":{"start":{"line":5,"column":0},"end":{"line":7,"column":2}},"3":{"start":{"line":6,"column":4},"end":{"line":6,"column":39}},"4":{"start":{"line":9,"column":0},"end":{"line":11,"column":2}},"5":{"start":{"line":10,"column":4},"end":{"line":10,"column":33}},"6":{"start":{"line":13,"column":0},"end":{"line":15,"column":2}},"7":{"start":{"line":14,"column":4},"end":{"line":14,"column":49}},"8":{"start":{"line":17,"column":0},"end":{"line":21,"column":2}},"9":{"start":{"line":18,"column":4},"end":{"line":18,"column":60}},"10":{"start":{"line":18,"column":19},"end":{"line":18,"column":60}},"11":{"start":{"line":20,"column":4},"end":{"line":20,"column":43}},"12":{"start":{"line":23,"column":11},"end":{"line":23,"column":26}},"13":{"start":{"line":24,"column":0},"end":{"line":28,"column":2}},"14":{"start":{"line":25,"column":21},"end":{"line":25,"column":53}},"15":{"start":{"line":26,"column":4},"end":{"line":27,"column":59}},"16":{"start":{"line":27,"column":8},"end":{"line":27,"column":59}}},"fnMap":{"0":{"name":"(anonymous_0)","decl":{"start":{"line":1,"column":26},"end":{"line":1,"column":27}},"loc":{"start":{"line":1,"column":39},"end":{"line":3,"column":1}},"line":1},"1":{"name":"(anonymous_1)","decl":{"start":{"line":5,"column":23},"end":{"line":5,"column":24}},"loc":{"start":{"line":5,"column":39},"end":{"line":7,"column":1}},"line":5},"2":{"name":"(anonymous_2)","decl":{"start":{"line":9,"column":31},"end":{"line":9,"column":32}},"loc":{"start":{"line":9,"column":43},"end":{"line":11,"column":1}},"line":9},"3":{"name":"(anonymous_3)","decl":{"start":{"line":13,"column":28},"end":{"line":13,"column":29}},"loc":{"start":{"line":13,"column":42},"end":{"line":15,"column":1}},"line":13},"4":{"name":"(anonymous_4)","decl":{"start":{"line":17,"column":30},"end":{"line":17,"column":31}},"loc":{"start":{"line":17,"column":50},"end":{"line":21,"column":1}},"line":17},"5":{"name":"(anonymous_5)","decl":{"start":{"line":24,"column":31},"end":{"line":24,"column":32}},"loc":{"start":{"line":24,"column":48},"end":{"line":28,"column":1}},"line":24}},"branchMap":{"0":{"loc":{"start":{"line":2,"column":11},"end":{"line":2,"column":26}},"type":"cond-expr","locations":[{"start":{"line":2,"column":20},"end":{"line":2,"column":21}},{"start":{"line":2,"column":24},"end":{"line":2,"column":26}}],"line":2},"1":{"loc":{"start":{"line":18,"column":4},"end":{"line":18,"column":60}},"type":"if","locations":[{"start":{"line":18,"column":4},"end":{"line":18,"column":60}},{"start":{},"end":{}}],"line":18},"2":{"loc":{"start":{"line":26,"column":4},"end":{"line":27,"column":59}},"type":"if","locations":[{"start":{"line":26,"column":4},"end":{"line":27,"column":59}},{"start":{},"end":{}}],"line":26}},"s":{"0":1,"1":3,"2":1,"3":1,"4":1,"5":1,"6":1,"7":1,"8":1,"9":7,"10":6,"11":1,"12":1,"13":1,"14":2,"15":2,"16":1},"f":{"0":3,"1":1,"2":1,"3":1,"4":7,"5":2},"b":{"0":[2,1],"1":[6,1],"2":[1,1]},"_coverageSchema":"1a1c01bbd47fc00a2c39e90264f33305004495a9","hash":"709b793c3225da524326293c743adc6d324dd611"}
}
